{"__type":"$$EventMessageAudit","id":"395b4b4e-6b38-43d4-97c1-3e610b26cdcb","ts":"2025-07-05T21:01:48.051-07:00","eventName":"n8n.audit.user.credentials.created","message":"n8n.audit.user.credentials.created","payload":{"userId":"635f5cf5-2806-497b-b998-69f84b23bbe0","_email":"johnmungandistartups@gmail.com","_firstName":"John","_lastName":"Mungandi","globalRole":"global:owner","credentialType":"telegramApi","credentialId":"tVj18ceNeKTVhemz","publicApi":false,"projectId":"iVZwSCRHViuLnA3y","projectType":"personal"}}
{"__type":"$$EventMessageConfirm","confirm":"395b4b4e-6b38-43d4-97c1-3e610b26cdcb","ts":"2025-07-05T21:01:48.068-07:00","source":{"id":"0","name":"eventBus"}}
{"__type":"$$EventMessageAudit","id":"e06e288a-d64e-43d4-877f-91958168cb17","ts":"2025-07-06T00:01:58.098-04:00","eventName":"n8n.audit.workflow.created","message":"n8n.audit.workflow.created","payload":{"userId":"635f5cf5-2806-497b-b998-69f84b23bbe0","_email":"johnmungandistartups@gmail.com","_firstName":"John","_lastName":"Mungandi","globalRole":"global:owner","workflowId":"GbsJnZvvEgEQ8UZm","workflowName":"My workflow"}}
{"__type":"$$EventMessageConfirm","confirm":"e06e288a-d64e-43d4-877f-91958168cb17","ts":"2025-07-06T00:01:58.099-04:00","source":{"id":"0","name":"eventBus"}}
{"__type":"$$EventMessageAudit","id":"43c8e8c9-e283-40e8-a8ae-3e0d4596f215","ts":"2025-07-06T00:02:00.533-04:00","eventName":"n8n.audit.workflow.updated","message":"n8n.audit.workflow.updated","payload":{"userId":"635f5cf5-2806-497b-b998-69f84b23bbe0","_email":"johnmungandistartups@gmail.com","_firstName":"John","_lastName":"Mungandi","globalRole":"global:owner","workflowId":"GbsJnZvvEgEQ8UZm","workflowName":"My workflow"}}
{"__type":"$$EventMessageConfirm","confirm":"43c8e8c9-e283-40e8-a8ae-3e0d4596f215","ts":"2025-07-06T00:02:00.533-04:00","source":{"id":"0","name":"eventBus"}}
{"__type":"$$EventMessageAudit","id":"631b162c-7cd1-4f68-a04d-132984ad6f04","ts":"2025-07-06T00:02:11.122-04:00","eventName":"n8n.audit.workflow.updated","message":"n8n.audit.workflow.updated","payload":{"userId":"635f5cf5-2806-497b-b998-69f84b23bbe0","_email":"johnmungandistartups@gmail.com","_firstName":"John","_lastName":"Mungandi","globalRole":"global:owner","workflowId":"GbsJnZvvEgEQ8UZm","workflowName":"My workflow"}}
{"__type":"$$EventMessageConfirm","confirm":"631b162c-7cd1-4f68-a04d-132984ad6f04","ts":"2025-07-06T00:02:11.123-04:00","source":{"id":"0","name":"eventBus"}}
{"__type":"$$EventMessageWorkflow","id":"5eae6e39-2688-4fd6-8e85-5137521d1500","ts":"2025-07-06T00:02:14.090-04:00","eventName":"n8n.workflow.started","message":"n8n.workflow.started","payload":{"executionId":"1","workflowId":"GbsJnZvvEgEQ8UZm","isManual":false,"workflowName":"My workflow"}}
{"__type":"$$EventMessageConfirm","confirm":"5eae6e39-2688-4fd6-8e85-5137521d1500","ts":"2025-07-06T00:02:14.091-04:00","source":{"id":"0","name":"eventBus"}}
{"__type":"$$EventMessageNode","id":"efe5d15c-df32-4685-bd65-9749c0001e34","ts":"2025-07-06T00:02:14.094-04:00","eventName":"n8n.node.started","message":"n8n.node.started","payload":{"workflowId":"GbsJnZvvEgEQ8UZm","workflowName":"My workflow","executionId":"1","nodeType":"n8n-nodes-base.telegramTrigger","nodeName":"Telegram Trigger","nodeId":"a68e013c-a327-4afb-899f-4f38dd915b8d"}}
{"__type":"$$EventMessageConfirm","confirm":"efe5d15c-df32-4685-bd65-9749c0001e34","ts":"2025-07-06T00:02:14.094-04:00","source":{"id":"0","name":"eventBus"}}
{"__type":"$$EventMessageNode","id":"3c7147fc-8973-4879-a0bf-fcf7900b9f4c","ts":"2025-07-06T00:02:14.096-04:00","eventName":"n8n.node.finished","message":"n8n.node.finished","payload":{"workflowId":"GbsJnZvvEgEQ8UZm","workflowName":"My workflow","executionId":"1","nodeType":"n8n-nodes-base.telegramTrigger","nodeName":"Telegram Trigger","nodeId":"a68e013c-a327-4afb-899f-4f38dd915b8d"}}
{"__type":"$$EventMessageConfirm","confirm":"3c7147fc-8973-4879-a0bf-fcf7900b9f4c","ts":"2025-07-06T00:02:14.097-04:00","source":{"id":"0","name":"eventBus"}}
{"__type":"$$EventMessageNode","id":"3d481df7-9cbc-429d-9e5c-64f0ced49bf3","ts":"2025-07-06T00:02:14.097-04:00","eventName":"n8n.node.started","message":"n8n.node.started","payload":{"workflowId":"GbsJnZvvEgEQ8UZm","workflowName":"My workflow","executionId":"1","nodeType":"n8n-nodes-base.telegram","nodeName":"Send a text message","nodeId":"a17e4dbf-ce0b-4ad8-980a-523429411d37"}}
{"__type":"$$EventMessageConfirm","confirm":"3d481df7-9cbc-429d-9e5c-64f0ced49bf3","ts":"2025-07-06T00:02:14.097-04:00","source":{"id":"0","name":"eventBus"}}
{"__type":"$$EventMessageWorkflow","id":"8cfa2d19-c3e6-4f5d-a006-492712b5759c","ts":"2025-07-06T00:02:14.429-04:00","eventName":"n8n.workflow.started","message":"n8n.workflow.started","payload":{"executionId":"2","workflowId":"GbsJnZvvEgEQ8UZm","isManual":false,"workflowName":"My workflow"}}
{"__type":"$$EventMessageConfirm","confirm":"8cfa2d19-c3e6-4f5d-a006-492712b5759c","ts":"2025-07-06T00:02:14.430-04:00","source":{"id":"0","name":"eventBus"}}
{"__type":"$$EventMessageNode","id":"c30efb30-401e-4a9d-9b1c-38c6ce3ec8ba","ts":"2025-07-06T00:02:14.431-04:00","eventName":"n8n.node.started","message":"n8n.node.started","payload":{"workflowId":"GbsJnZvvEgEQ8UZm","workflowName":"My workflow","executionId":"2","nodeType":"n8n-nodes-base.telegramTrigger","nodeName":"Telegram Trigger","nodeId":"a68e013c-a327-4afb-899f-4f38dd915b8d"}}
{"__type":"$$EventMessageConfirm","confirm":"c30efb30-401e-4a9d-9b1c-38c6ce3ec8ba","ts":"2025-07-06T00:02:14.431-04:00","source":{"id":"0","name":"eventBus"}}
{"__type":"$$EventMessageNode","id":"f110de69-2693-496d-8172-8970df286cfb","ts":"2025-07-06T00:02:14.431-04:00","eventName":"n8n.node.finished","message":"n8n.node.finished","payload":{"workflowId":"GbsJnZvvEgEQ8UZm","workflowName":"My workflow","executionId":"2","nodeType":"n8n-nodes-base.telegramTrigger","nodeName":"Telegram Trigger","nodeId":"a68e013c-a327-4afb-899f-4f38dd915b8d"}}
{"__type":"$$EventMessageConfirm","confirm":"f110de69-2693-496d-8172-8970df286cfb","ts":"2025-07-06T00:02:14.431-04:00","source":{"id":"0","name":"eventBus"}}
{"__type":"$$EventMessageNode","id":"56e601f1-f229-4745-b3da-73b8ebb69ff2","ts":"2025-07-06T00:02:14.432-04:00","eventName":"n8n.node.started","message":"n8n.node.started","payload":{"workflowId":"GbsJnZvvEgEQ8UZm","workflowName":"My workflow","executionId":"2","nodeType":"n8n-nodes-base.telegram","nodeName":"Send a text message","nodeId":"a17e4dbf-ce0b-4ad8-980a-523429411d37"}}
{"__type":"$$EventMessageConfirm","confirm":"56e601f1-f229-4745-b3da-73b8ebb69ff2","ts":"2025-07-06T00:02:14.432-04:00","source":{"id":"0","name":"eventBus"}}
{"__type":"$$EventMessageNode","id":"75379fb9-d13a-40c8-b352-5569112e9e20","ts":"2025-07-06T00:02:14.836-04:00","eventName":"n8n.node.finished","message":"n8n.node.finished","payload":{"workflowId":"GbsJnZvvEgEQ8UZm","workflowName":"My workflow","executionId":"1","nodeType":"n8n-nodes-base.telegram","nodeName":"Send a text message","nodeId":"a17e4dbf-ce0b-4ad8-980a-523429411d37"}}
{"__type":"$$EventMessageConfirm","confirm":"75379fb9-d13a-40c8-b352-5569112e9e20","ts":"2025-07-06T00:02:14.836-04:00","source":{"id":"0","name":"eventBus"}}
{"__type":"$$EventMessageWorkflow","id":"20779003-a79a-426e-aca8-3b87df029cb2","ts":"2025-07-06T00:02:14.840-04:00","eventName":"n8n.workflow.success","message":"n8n.workflow.success","payload":{"executionId":"1","success":true,"isManual":true,"workflowId":"GbsJnZvvEgEQ8UZm","workflowName":"My workflow"}}
{"__type":"$$EventMessageConfirm","confirm":"20779003-a79a-426e-aca8-3b87df029cb2","ts":"2025-07-06T00:02:14.840-04:00","source":{"id":"0","name":"eventBus"}}
{"__type":"$$EventMessageNode","id":"a2722008-f770-4ec2-90cf-b1dff2783f2f","ts":"2025-07-06T00:02:15.139-04:00","eventName":"n8n.node.finished","message":"n8n.node.finished","payload":{"workflowId":"GbsJnZvvEgEQ8UZm","workflowName":"My workflow","executionId":"2","nodeType":"n8n-nodes-base.telegram","nodeName":"Send a text message","nodeId":"a17e4dbf-ce0b-4ad8-980a-523429411d37"}}
{"__type":"$$EventMessageConfirm","confirm":"a2722008-f770-4ec2-90cf-b1dff2783f2f","ts":"2025-07-06T00:02:15.139-04:00","source":{"id":"0","name":"eventBus"}}
{"__type":"$$EventMessageWorkflow","id":"8b708a50-9000-43af-bbcc-e863168b182d","ts":"2025-07-06T00:02:15.140-04:00","eventName":"n8n.workflow.success","message":"n8n.workflow.success","payload":{"executionId":"2","success":true,"isManual":true,"workflowId":"GbsJnZvvEgEQ8UZm","workflowName":"My workflow"}}
{"__type":"$$EventMessageConfirm","confirm":"8b708a50-9000-43af-bbcc-e863168b182d","ts":"2025-07-06T00:02:15.141-04:00","source":{"id":"0","name":"eventBus"}}
{"__type":"$$EventMessageAudit","id":"a0431d35-8745-4592-9476-eb23d20a98f3","ts":"2025-07-06T00:02:18.570-04:00","eventName":"n8n.audit.workflow.updated","message":"n8n.audit.workflow.updated","payload":{"userId":"635f5cf5-2806-497b-b998-69f84b23bbe0","_email":"johnmungandistartups@gmail.com","_firstName":"John","_lastName":"Mungandi","globalRole":"global:owner","workflowId":"GbsJnZvvEgEQ8UZm","workflowName":"My workflow"}}
{"__type":"$$EventMessageConfirm","confirm":"a0431d35-8745-4592-9476-eb23d20a98f3","ts":"2025-07-06T00:02:18.570-04:00","source":{"id":"0","name":"eventBus"}}
{"__type":"$$EventMessageWorkflow","id":"80879b44-540a-499f-b359-435b9a5026ec","ts":"2025-07-06T00:02:20.006-04:00","eventName":"n8n.workflow.started","message":"n8n.workflow.started","payload":{"executionId":"3","workflowId":"GbsJnZvvEgEQ8UZm","isManual":false,"workflowName":"My workflow"}}
{"__type":"$$EventMessageConfirm","confirm":"80879b44-540a-499f-b359-435b9a5026ec","ts":"2025-07-06T00:02:20.006-04:00","source":{"id":"0","name":"eventBus"}}
{"__type":"$$EventMessageNode","id":"6703c154-82a9-415c-ab55-f9a11457ea7d","ts":"2025-07-06T00:02:20.006-04:00","eventName":"n8n.node.started","message":"n8n.node.started","payload":{"workflowId":"GbsJnZvvEgEQ8UZm","workflowName":"My workflow","executionId":"3","nodeType":"n8n-nodes-base.telegramTrigger","nodeName":"Telegram Trigger","nodeId":"a68e013c-a327-4afb-899f-4f38dd915b8d"}}
{"__type":"$$EventMessageConfirm","confirm":"6703c154-82a9-415c-ab55-f9a11457ea7d","ts":"2025-07-06T00:02:20.006-04:00","source":{"id":"0","name":"eventBus"}}
{"__type":"$$EventMessageNode","id":"da8914e7-020b-47b7-8308-83f207d1b573","ts":"2025-07-06T00:02:20.007-04:00","eventName":"n8n.node.finished","message":"n8n.node.finished","payload":{"workflowId":"GbsJnZvvEgEQ8UZm","workflowName":"My workflow","executionId":"3","nodeType":"n8n-nodes-base.telegramTrigger","nodeName":"Telegram Trigger","nodeId":"a68e013c-a327-4afb-899f-4f38dd915b8d"}}
{"__type":"$$EventMessageConfirm","confirm":"da8914e7-020b-47b7-8308-83f207d1b573","ts":"2025-07-06T00:02:20.007-04:00","source":{"id":"0","name":"eventBus"}}
{"__type":"$$EventMessageNode","id":"ae432594-220f-4d70-af88-ff19d696295a","ts":"2025-07-06T00:02:20.007-04:00","eventName":"n8n.node.started","message":"n8n.node.started","payload":{"workflowId":"GbsJnZvvEgEQ8UZm","workflowName":"My workflow","executionId":"3","nodeType":"n8n-nodes-base.telegram","nodeName":"Send a text message","nodeId":"a17e4dbf-ce0b-4ad8-980a-523429411d37"}}
{"__type":"$$EventMessageConfirm","confirm":"ae432594-220f-4d70-af88-ff19d696295a","ts":"2025-07-06T00:02:20.007-04:00","source":{"id":"0","name":"eventBus"}}
{"__type":"$$EventMessageWorkflow","id":"08e2c38d-8e66-40e0-825d-30db944ed2fe","ts":"2025-07-06T00:02:20.359-04:00","eventName":"n8n.workflow.started","message":"n8n.workflow.started","payload":{"executionId":"4","workflowId":"GbsJnZvvEgEQ8UZm","isManual":false,"workflowName":"My workflow"}}
{"__type":"$$EventMessageConfirm","confirm":"08e2c38d-8e66-40e0-825d-30db944ed2fe","ts":"2025-07-06T00:02:20.359-04:00","source":{"id":"0","name":"eventBus"}}
{"__type":"$$EventMessageNode","id":"d5aeb3de-2d45-4ba8-9ec1-d7a3ca47f49a","ts":"2025-07-06T00:02:20.359-04:00","eventName":"n8n.node.started","message":"n8n.node.started","payload":{"workflowId":"GbsJnZvvEgEQ8UZm","workflowName":"My workflow","executionId":"4","nodeType":"n8n-nodes-base.telegramTrigger","nodeName":"Telegram Trigger","nodeId":"a68e013c-a327-4afb-899f-4f38dd915b8d"}}
{"__type":"$$EventMessageConfirm","confirm":"d5aeb3de-2d45-4ba8-9ec1-d7a3ca47f49a","ts":"2025-07-06T00:02:20.359-04:00","source":{"id":"0","name":"eventBus"}}
{"__type":"$$EventMessageNode","id":"9ea636f8-c7f6-4e9e-897c-5dadc018f458","ts":"2025-07-06T00:02:20.359-04:00","eventName":"n8n.node.finished","message":"n8n.node.finished","payload":{"workflowId":"GbsJnZvvEgEQ8UZm","workflowName":"My workflow","executionId":"4","nodeType":"n8n-nodes-base.telegramTrigger","nodeName":"Telegram Trigger","nodeId":"a68e013c-a327-4afb-899f-4f38dd915b8d"}}
{"__type":"$$EventMessageConfirm","confirm":"9ea636f8-c7f6-4e9e-897c-5dadc018f458","ts":"2025-07-06T00:02:20.360-04:00","source":{"id":"0","name":"eventBus"}}
{"__type":"$$EventMessageNode","id":"1f4213a3-1fb4-4711-9764-dcd15dfff137","ts":"2025-07-06T00:02:20.360-04:00","eventName":"n8n.node.started","message":"n8n.node.started","payload":{"workflowId":"GbsJnZvvEgEQ8UZm","workflowName":"My workflow","executionId":"4","nodeType":"n8n-nodes-base.telegram","nodeName":"Send a text message","nodeId":"a17e4dbf-ce0b-4ad8-980a-523429411d37"}}
{"__type":"$$EventMessageConfirm","confirm":"1f4213a3-1fb4-4711-9764-dcd15dfff137","ts":"2025-07-06T00:02:20.360-04:00","source":{"id":"0","name":"eventBus"}}
{"__type":"$$EventMessageWorkflow","id":"265ef7df-2bbd-40dd-95fc-4f005860abf4","ts":"2025-07-06T00:02:20.716-04:00","eventName":"n8n.workflow.started","message":"n8n.workflow.started","payload":{"executionId":"5","workflowId":"GbsJnZvvEgEQ8UZm","isManual":false,"workflowName":"My workflow"}}
{"__type":"$$EventMessageConfirm","confirm":"265ef7df-2bbd-40dd-95fc-4f005860abf4","ts":"2025-07-06T00:02:20.716-04:00","source":{"id":"0","name":"eventBus"}}
{"__type":"$$EventMessageNode","id":"52535047-a91c-4beb-b647-eca3dbe05da5","ts":"2025-07-06T00:02:20.717-04:00","eventName":"n8n.node.started","message":"n8n.node.started","payload":{"workflowId":"GbsJnZvvEgEQ8UZm","workflowName":"My workflow","executionId":"5","nodeType":"n8n-nodes-base.telegramTrigger","nodeName":"Telegram Trigger","nodeId":"a68e013c-a327-4afb-899f-4f38dd915b8d"}}
{"__type":"$$EventMessageConfirm","confirm":"52535047-a91c-4beb-b647-eca3dbe05da5","ts":"2025-07-06T00:02:20.717-04:00","source":{"id":"0","name":"eventBus"}}
{"__type":"$$EventMessageNode","id":"87a8176c-f2cd-4b2c-8533-931c9a187fa4","ts":"2025-07-06T00:02:20.717-04:00","eventName":"n8n.node.finished","message":"n8n.node.finished","payload":{"workflowId":"GbsJnZvvEgEQ8UZm","workflowName":"My workflow","executionId":"5","nodeType":"n8n-nodes-base.telegramTrigger","nodeName":"Telegram Trigger","nodeId":"a68e013c-a327-4afb-899f-4f38dd915b8d"}}
{"__type":"$$EventMessageConfirm","confirm":"87a8176c-f2cd-4b2c-8533-931c9a187fa4","ts":"2025-07-06T00:02:20.717-04:00","source":{"id":"0","name":"eventBus"}}
{"__type":"$$EventMessageNode","id":"93da4103-4ea0-4c23-8017-16f6630ed021","ts":"2025-07-06T00:02:20.717-04:00","eventName":"n8n.node.started","message":"n8n.node.started","payload":{"workflowId":"GbsJnZvvEgEQ8UZm","workflowName":"My workflow","executionId":"5","nodeType":"n8n-nodes-base.telegram","nodeName":"Send a text message","nodeId":"a17e4dbf-ce0b-4ad8-980a-523429411d37"}}
{"__type":"$$EventMessageConfirm","confirm":"93da4103-4ea0-4c23-8017-16f6630ed021","ts":"2025-07-06T00:02:20.717-04:00","source":{"id":"0","name":"eventBus"}}
{"__type":"$$EventMessageNode","id":"2486d2a0-a23b-4c78-a1b7-4a48cad494f2","ts":"2025-07-06T00:02:20.733-04:00","eventName":"n8n.node.finished","message":"n8n.node.finished","payload":{"workflowId":"GbsJnZvvEgEQ8UZm","workflowName":"My workflow","executionId":"3","nodeType":"n8n-nodes-base.telegram","nodeName":"Send a text message","nodeId":"a17e4dbf-ce0b-4ad8-980a-523429411d37"}}
{"__type":"$$EventMessageConfirm","confirm":"2486d2a0-a23b-4c78-a1b7-4a48cad494f2","ts":"2025-07-06T00:02:20.733-04:00","source":{"id":"0","name":"eventBus"}}
{"__type":"$$EventMessageWorkflow","id":"4b0db736-b825-410a-b05f-3631736f4a68","ts":"2025-07-06T00:02:20.734-04:00","eventName":"n8n.workflow.success","message":"n8n.workflow.success","payload":{"executionId":"3","success":true,"isManual":false,"workflowId":"GbsJnZvvEgEQ8UZm","workflowName":"My workflow"}}
{"__type":"$$EventMessageConfirm","confirm":"4b0db736-b825-410a-b05f-3631736f4a68","ts":"2025-07-06T00:02:20.734-04:00","source":{"id":"0","name":"eventBus"}}
{"__type":"$$EventMessageNode","id":"a88b1b24-393e-482e-b6bc-e336831b0c69","ts":"2025-07-06T00:02:21.055-04:00","eventName":"n8n.node.finished","message":"n8n.node.finished","payload":{"workflowId":"GbsJnZvvEgEQ8UZm","workflowName":"My workflow","executionId":"4","nodeType":"n8n-nodes-base.telegram","nodeName":"Send a text message","nodeId":"a17e4dbf-ce0b-4ad8-980a-523429411d37"}}
{"__type":"$$EventMessageConfirm","confirm":"a88b1b24-393e-482e-b6bc-e336831b0c69","ts":"2025-07-06T00:02:21.055-04:00","source":{"id":"0","name":"eventBus"}}
{"__type":"$$EventMessageWorkflow","id":"b29b457c-dd2f-46a6-bfa3-fda72b5f1fde","ts":"2025-07-06T00:02:21.055-04:00","eventName":"n8n.workflow.success","message":"n8n.workflow.success","payload":{"executionId":"4","success":true,"isManual":false,"workflowId":"GbsJnZvvEgEQ8UZm","workflowName":"My workflow"}}
{"__type":"$$EventMessageConfirm","confirm":"b29b457c-dd2f-46a6-bfa3-fda72b5f1fde","ts":"2025-07-06T00:02:21.055-04:00","source":{"id":"0","name":"eventBus"}}
{"__type":"$$EventMessageWorkflow","id":"231bceb0-8910-408a-8a5c-b2a11eb51f2e","ts":"2025-07-06T00:02:21.095-04:00","eventName":"n8n.workflow.started","message":"n8n.workflow.started","payload":{"executionId":"6","workflowId":"GbsJnZvvEgEQ8UZm","isManual":false,"workflowName":"My workflow"}}
{"__type":"$$EventMessageConfirm","confirm":"231bceb0-8910-408a-8a5c-b2a11eb51f2e","ts":"2025-07-06T00:02:21.095-04:00","source":{"id":"0","name":"eventBus"}}
{"__type":"$$EventMessageNode","id":"1020b745-d1f2-49d5-a6ed-5cfce933f5fc","ts":"2025-07-06T00:02:21.095-04:00","eventName":"n8n.node.started","message":"n8n.node.started","payload":{"workflowId":"GbsJnZvvEgEQ8UZm","workflowName":"My workflow","executionId":"6","nodeType":"n8n-nodes-base.telegramTrigger","nodeName":"Telegram Trigger","nodeId":"a68e013c-a327-4afb-899f-4f38dd915b8d"}}
{"__type":"$$EventMessageConfirm","confirm":"1020b745-d1f2-49d5-a6ed-5cfce933f5fc","ts":"2025-07-06T00:02:21.095-04:00","source":{"id":"0","name":"eventBus"}}
{"__type":"$$EventMessageNode","id":"5ca92e99-a9cc-4ab5-9bba-ecb3612b9e6d","ts":"2025-07-06T00:02:21.095-04:00","eventName":"n8n.node.finished","message":"n8n.node.finished","payload":{"workflowId":"GbsJnZvvEgEQ8UZm","workflowName":"My workflow","executionId":"6","nodeType":"n8n-nodes-base.telegramTrigger","nodeName":"Telegram Trigger","nodeId":"a68e013c-a327-4afb-899f-4f38dd915b8d"}}
{"__type":"$$EventMessageConfirm","confirm":"5ca92e99-a9cc-4ab5-9bba-ecb3612b9e6d","ts":"2025-07-06T00:02:21.095-04:00","source":{"id":"0","name":"eventBus"}}
{"__type":"$$EventMessageNode","id":"6ce39cbe-fab9-434b-93de-1df4cad1f89f","ts":"2025-07-06T00:02:21.095-04:00","eventName":"n8n.node.started","message":"n8n.node.started","payload":{"workflowId":"GbsJnZvvEgEQ8UZm","workflowName":"My workflow","executionId":"6","nodeType":"n8n-nodes-base.telegram","nodeName":"Send a text message","nodeId":"a17e4dbf-ce0b-4ad8-980a-523429411d37"}}
{"__type":"$$EventMessageConfirm","confirm":"6ce39cbe-fab9-434b-93de-1df4cad1f89f","ts":"2025-07-06T00:02:21.095-04:00","source":{"id":"0","name":"eventBus"}}
{"__type":"$$EventMessageWorkflow","id":"0328197e-df7e-42a7-8689-84042e186cb0","ts":"2025-07-06T00:02:21.418-04:00","eventName":"n8n.workflow.started","message":"n8n.workflow.started","payload":{"executionId":"7","workflowId":"GbsJnZvvEgEQ8UZm","isManual":false,"workflowName":"My workflow"}}
{"__type":"$$EventMessageConfirm","confirm":"0328197e-df7e-42a7-8689-84042e186cb0","ts":"2025-07-06T00:02:21.418-04:00","source":{"id":"0","name":"eventBus"}}
{"__type":"$$EventMessageNode","id":"828c77d6-7872-4b36-ba59-48fa5b8a7500","ts":"2025-07-06T00:02:21.418-04:00","eventName":"n8n.node.started","message":"n8n.node.started","payload":{"workflowId":"GbsJnZvvEgEQ8UZm","workflowName":"My workflow","executionId":"7","nodeType":"n8n-nodes-base.telegramTrigger","nodeName":"Telegram Trigger","nodeId":"a68e013c-a327-4afb-899f-4f38dd915b8d"}}
{"__type":"$$EventMessageConfirm","confirm":"828c77d6-7872-4b36-ba59-48fa5b8a7500","ts":"2025-07-06T00:02:21.418-04:00","source":{"id":"0","name":"eventBus"}}
{"__type":"$$EventMessageNode","id":"3e5530df-6fb1-4f6f-b834-555eda73d1e5","ts":"2025-07-06T00:02:21.418-04:00","eventName":"n8n.node.finished","message":"n8n.node.finished","payload":{"workflowId":"GbsJnZvvEgEQ8UZm","workflowName":"My workflow","executionId":"7","nodeType":"n8n-nodes-base.telegramTrigger","nodeName":"Telegram Trigger","nodeId":"a68e013c-a327-4afb-899f-4f38dd915b8d"}}
{"__type":"$$EventMessageConfirm","confirm":"3e5530df-6fb1-4f6f-b834-555eda73d1e5","ts":"2025-07-06T00:02:21.418-04:00","source":{"id":"0","name":"eventBus"}}
{"__type":"$$EventMessageNode","id":"ba45c652-b0ba-43c3-ba7c-44803b3d8a51","ts":"2025-07-06T00:02:21.418-04:00","eventName":"n8n.node.started","message":"n8n.node.started","payload":{"workflowId":"GbsJnZvvEgEQ8UZm","workflowName":"My workflow","executionId":"7","nodeType":"n8n-nodes-base.telegram","nodeName":"Send a text message","nodeId":"a17e4dbf-ce0b-4ad8-980a-523429411d37"}}
{"__type":"$$EventMessageConfirm","confirm":"ba45c652-b0ba-43c3-ba7c-44803b3d8a51","ts":"2025-07-06T00:02:21.418-04:00","source":{"id":"0","name":"eventBus"}}
{"__type":"$$EventMessageNode","id":"948973b3-4cce-41bb-9a3b-329d3988cad1","ts":"2025-07-06T00:02:21.443-04:00","eventName":"n8n.node.finished","message":"n8n.node.finished","payload":{"workflowId":"GbsJnZvvEgEQ8UZm","workflowName":"My workflow","executionId":"5","nodeType":"n8n-nodes-base.telegram","nodeName":"Send a text message","nodeId":"a17e4dbf-ce0b-4ad8-980a-523429411d37"}}
{"__type":"$$EventMessageConfirm","confirm":"948973b3-4cce-41bb-9a3b-329d3988cad1","ts":"2025-07-06T00:02:21.443-04:00","source":{"id":"0","name":"eventBus"}}
{"__type":"$$EventMessageWorkflow","id":"9b67a306-5d8a-40aa-971d-03e8667ee2e7","ts":"2025-07-06T00:02:21.443-04:00","eventName":"n8n.workflow.success","message":"n8n.workflow.success","payload":{"executionId":"5","success":true,"isManual":false,"workflowId":"GbsJnZvvEgEQ8UZm","workflowName":"My workflow"}}
{"__type":"$$EventMessageConfirm","confirm":"9b67a306-5d8a-40aa-971d-03e8667ee2e7","ts":"2025-07-06T00:02:21.443-04:00","source":{"id":"0","name":"eventBus"}}
{"__type":"$$EventMessageNode","id":"5042d006-df24-49df-9a7c-7c654d395a1e","ts":"2025-07-06T00:02:21.816-04:00","eventName":"n8n.node.finished","message":"n8n.node.finished","payload":{"workflowId":"GbsJnZvvEgEQ8UZm","workflowName":"My workflow","executionId":"6","nodeType":"n8n-nodes-base.telegram","nodeName":"Send a text message","nodeId":"a17e4dbf-ce0b-4ad8-980a-523429411d37"}}
{"__type":"$$EventMessageConfirm","confirm":"5042d006-df24-49df-9a7c-7c654d395a1e","ts":"2025-07-06T00:02:21.817-04:00","source":{"id":"0","name":"eventBus"}}
{"__type":"$$EventMessageWorkflow","id":"433f3ab7-fa44-4256-99c4-90a439991f8f","ts":"2025-07-06T00:02:21.817-04:00","eventName":"n8n.workflow.success","message":"n8n.workflow.success","payload":{"executionId":"6","success":true,"isManual":false,"workflowId":"GbsJnZvvEgEQ8UZm","workflowName":"My workflow"}}
{"__type":"$$EventMessageConfirm","confirm":"433f3ab7-fa44-4256-99c4-90a439991f8f","ts":"2025-07-06T00:02:21.817-04:00","source":{"id":"0","name":"eventBus"}}
{"__type":"$$EventMessageNode","id":"4ce195c8-1159-491b-b594-24cf8402e7f1","ts":"2025-07-06T00:02:22.140-04:00","eventName":"n8n.node.finished","message":"n8n.node.finished","payload":{"workflowId":"GbsJnZvvEgEQ8UZm","workflowName":"My workflow","executionId":"7","nodeType":"n8n-nodes-base.telegram","nodeName":"Send a text message","nodeId":"a17e4dbf-ce0b-4ad8-980a-523429411d37"}}
{"__type":"$$EventMessageConfirm","confirm":"4ce195c8-1159-491b-b594-24cf8402e7f1","ts":"2025-07-06T00:02:22.140-04:00","source":{"id":"0","name":"eventBus"}}
{"__type":"$$EventMessageWorkflow","id":"c1c60c7f-5d9c-4a45-ae1b-4f582f319352","ts":"2025-07-06T00:02:22.140-04:00","eventName":"n8n.workflow.success","message":"n8n.workflow.success","payload":{"executionId":"7","success":true,"isManual":false,"workflowId":"GbsJnZvvEgEQ8UZm","workflowName":"My workflow"}}
{"__type":"$$EventMessageConfirm","confirm":"c1c60c7f-5d9c-4a45-ae1b-4f582f319352","ts":"2025-07-06T00:02:22.140-04:00","source":{"id":"0","name":"eventBus"}}
{"__type":"$$EventMessageWorkflow","id":"d962d883-700b-464e-a9f2-19a68cb4e490","ts":"2025-07-06T00:02:24.448-04:00","eventName":"n8n.workflow.started","message":"n8n.workflow.started","payload":{"executionId":"8","workflowId":"GbsJnZvvEgEQ8UZm","isManual":false,"workflowName":"My workflow"}}
{"__type":"$$EventMessageConfirm","confirm":"d962d883-700b-464e-a9f2-19a68cb4e490","ts":"2025-07-06T00:02:24.449-04:00","source":{"id":"0","name":"eventBus"}}
{"__type":"$$EventMessageNode","id":"4adb02be-039c-4766-8071-525ba8d96ac8","ts":"2025-07-06T00:02:24.449-04:00","eventName":"n8n.node.started","message":"n8n.node.started","payload":{"workflowId":"GbsJnZvvEgEQ8UZm","workflowName":"My workflow","executionId":"8","nodeType":"n8n-nodes-base.telegramTrigger","nodeName":"Telegram Trigger","nodeId":"a68e013c-a327-4afb-899f-4f38dd915b8d"}}
{"__type":"$$EventMessageConfirm","confirm":"4adb02be-039c-4766-8071-525ba8d96ac8","ts":"2025-07-06T00:02:24.449-04:00","source":{"id":"0","name":"eventBus"}}
{"__type":"$$EventMessageNode","id":"b8064b9e-3527-4c8d-bcd8-72adaa6585a2","ts":"2025-07-06T00:02:24.449-04:00","eventName":"n8n.node.finished","message":"n8n.node.finished","payload":{"workflowId":"GbsJnZvvEgEQ8UZm","workflowName":"My workflow","executionId":"8","nodeType":"n8n-nodes-base.telegramTrigger","nodeName":"Telegram Trigger","nodeId":"a68e013c-a327-4afb-899f-4f38dd915b8d"}}
{"__type":"$$EventMessageConfirm","confirm":"b8064b9e-3527-4c8d-bcd8-72adaa6585a2","ts":"2025-07-06T00:02:24.450-04:00","source":{"id":"0","name":"eventBus"}}
{"__type":"$$EventMessageNode","id":"d86b1edd-7868-406a-bfe4-899f9bc66263","ts":"2025-07-06T00:02:24.450-04:00","eventName":"n8n.node.started","message":"n8n.node.started","payload":{"workflowId":"GbsJnZvvEgEQ8UZm","workflowName":"My workflow","executionId":"8","nodeType":"n8n-nodes-base.telegram","nodeName":"Send a text message","nodeId":"a17e4dbf-ce0b-4ad8-980a-523429411d37"}}
{"__type":"$$EventMessageConfirm","confirm":"d86b1edd-7868-406a-bfe4-899f9bc66263","ts":"2025-07-06T00:02:24.450-04:00","source":{"id":"0","name":"eventBus"}}
{"__type":"$$EventMessageNode","id":"94883c34-d87e-4b8d-861b-c7e30550d916","ts":"2025-07-06T00:02:25.166-04:00","eventName":"n8n.node.finished","message":"n8n.node.finished","payload":{"workflowId":"GbsJnZvvEgEQ8UZm","workflowName":"My workflow","executionId":"8","nodeType":"n8n-nodes-base.telegram","nodeName":"Send a text message","nodeId":"a17e4dbf-ce0b-4ad8-980a-523429411d37"}}
{"__type":"$$EventMessageConfirm","confirm":"94883c34-d87e-4b8d-861b-c7e30550d916","ts":"2025-07-06T00:02:25.167-04:00","source":{"id":"0","name":"eventBus"}}
{"__type":"$$EventMessageWorkflow","id":"7d40a402-2ef8-404d-ba95-dab7a81deb2b","ts":"2025-07-06T00:02:25.167-04:00","eventName":"n8n.workflow.success","message":"n8n.workflow.success","payload":{"executionId":"8","success":true,"isManual":false,"workflowId":"GbsJnZvvEgEQ8UZm","workflowName":"My workflow"}}
{"__type":"$$EventMessageConfirm","confirm":"7d40a402-2ef8-404d-ba95-dab7a81deb2b","ts":"2025-07-06T00:02:25.167-04:00","source":{"id":"0","name":"eventBus"}}
{"__type":"$$EventMessageWorkflow","id":"a29b99dc-837d-4c50-8b88-0ac40826e342","ts":"2025-07-06T00:02:25.989-04:00","eventName":"n8n.workflow.started","message":"n8n.workflow.started","payload":{"executionId":"9","workflowId":"GbsJnZvvEgEQ8UZm","isManual":false,"workflowName":"My workflow"}}
{"__type":"$$EventMessageConfirm","confirm":"a29b99dc-837d-4c50-8b88-0ac40826e342","ts":"2025-07-06T00:02:25.990-04:00","source":{"id":"0","name":"eventBus"}}
{"__type":"$$EventMessageNode","id":"e89d117f-94a1-464c-978c-602bafca58d2","ts":"2025-07-06T00:02:25.990-04:00","eventName":"n8n.node.started","message":"n8n.node.started","payload":{"workflowId":"GbsJnZvvEgEQ8UZm","workflowName":"My workflow","executionId":"9","nodeType":"n8n-nodes-base.telegramTrigger","nodeName":"Telegram Trigger","nodeId":"a68e013c-a327-4afb-899f-4f38dd915b8d"}}
{"__type":"$$EventMessageConfirm","confirm":"e89d117f-94a1-464c-978c-602bafca58d2","ts":"2025-07-06T00:02:25.990-04:00","source":{"id":"0","name":"eventBus"}}
{"__type":"$$EventMessageNode","id":"5f6b2cb8-f63a-4a10-89cb-8f7e8f7bd8de","ts":"2025-07-06T00:02:25.990-04:00","eventName":"n8n.node.finished","message":"n8n.node.finished","payload":{"workflowId":"GbsJnZvvEgEQ8UZm","workflowName":"My workflow","executionId":"9","nodeType":"n8n-nodes-base.telegramTrigger","nodeName":"Telegram Trigger","nodeId":"a68e013c-a327-4afb-899f-4f38dd915b8d"}}
{"__type":"$$EventMessageConfirm","confirm":"5f6b2cb8-f63a-4a10-89cb-8f7e8f7bd8de","ts":"2025-07-06T00:02:25.990-04:00","source":{"id":"0","name":"eventBus"}}
{"__type":"$$EventMessageNode","id":"c4faf288-66bc-46dd-b6ad-a7424863621a","ts":"2025-07-06T00:02:25.990-04:00","eventName":"n8n.node.started","message":"n8n.node.started","payload":{"workflowId":"GbsJnZvvEgEQ8UZm","workflowName":"My workflow","executionId":"9","nodeType":"n8n-nodes-base.telegram","nodeName":"Send a text message","nodeId":"a17e4dbf-ce0b-4ad8-980a-523429411d37"}}
{"__type":"$$EventMessageConfirm","confirm":"c4faf288-66bc-46dd-b6ad-a7424863621a","ts":"2025-07-06T00:02:25.990-04:00","source":{"id":"0","name":"eventBus"}}
{"__type":"$$EventMessageWorkflow","id":"7eeef349-171e-4b39-ac1b-af5466c5cbfc","ts":"2025-07-06T00:02:26.355-04:00","eventName":"n8n.workflow.started","message":"n8n.workflow.started","payload":{"executionId":"10","workflowId":"GbsJnZvvEgEQ8UZm","isManual":false,"workflowName":"My workflow"}}
{"__type":"$$EventMessageConfirm","confirm":"7eeef349-171e-4b39-ac1b-af5466c5cbfc","ts":"2025-07-06T00:02:26.355-04:00","source":{"id":"0","name":"eventBus"}}
{"__type":"$$EventMessageNode","id":"928cb667-8464-4871-9e42-9d151bff8025","ts":"2025-07-06T00:02:26.355-04:00","eventName":"n8n.node.started","message":"n8n.node.started","payload":{"workflowId":"GbsJnZvvEgEQ8UZm","workflowName":"My workflow","executionId":"10","nodeType":"n8n-nodes-base.telegramTrigger","nodeName":"Telegram Trigger","nodeId":"a68e013c-a327-4afb-899f-4f38dd915b8d"}}
{"__type":"$$EventMessageConfirm","confirm":"928cb667-8464-4871-9e42-9d151bff8025","ts":"2025-07-06T00:02:26.355-04:00","source":{"id":"0","name":"eventBus"}}
{"__type":"$$EventMessageNode","id":"5b41afbb-3118-428d-9393-323db21a5b74","ts":"2025-07-06T00:02:26.355-04:00","eventName":"n8n.node.finished","message":"n8n.node.finished","payload":{"workflowId":"GbsJnZvvEgEQ8UZm","workflowName":"My workflow","executionId":"10","nodeType":"n8n-nodes-base.telegramTrigger","nodeName":"Telegram Trigger","nodeId":"a68e013c-a327-4afb-899f-4f38dd915b8d"}}
{"__type":"$$EventMessageConfirm","confirm":"5b41afbb-3118-428d-9393-323db21a5b74","ts":"2025-07-06T00:02:26.355-04:00","source":{"id":"0","name":"eventBus"}}
{"__type":"$$EventMessageNode","id":"498a3d4b-2ea3-4fd6-8bb1-e6297205f5f6","ts":"2025-07-06T00:02:26.355-04:00","eventName":"n8n.node.started","message":"n8n.node.started","payload":{"workflowId":"GbsJnZvvEgEQ8UZm","workflowName":"My workflow","executionId":"10","nodeType":"n8n-nodes-base.telegram","nodeName":"Send a text message","nodeId":"a17e4dbf-ce0b-4ad8-980a-523429411d37"}}
{"__type":"$$EventMessageConfirm","confirm":"498a3d4b-2ea3-4fd6-8bb1-e6297205f5f6","ts":"2025-07-06T00:02:26.356-04:00","source":{"id":"0","name":"eventBus"}}
{"__type":"$$EventMessageNode","id":"5725fc6a-89c4-4b54-bbca-d7efa6e94728","ts":"2025-07-06T00:02:26.697-04:00","eventName":"n8n.node.finished","message":"n8n.node.finished","payload":{"workflowId":"GbsJnZvvEgEQ8UZm","workflowName":"My workflow","executionId":"9","nodeType":"n8n-nodes-base.telegram","nodeName":"Send a text message","nodeId":"a17e4dbf-ce0b-4ad8-980a-523429411d37"}}
{"__type":"$$EventMessageConfirm","confirm":"5725fc6a-89c4-4b54-bbca-d7efa6e94728","ts":"2025-07-06T00:02:26.697-04:00","source":{"id":"0","name":"eventBus"}}
{"__type":"$$EventMessageWorkflow","id":"292d9c80-7d39-43da-8d62-5fd33acf5f18","ts":"2025-07-06T00:02:26.697-04:00","eventName":"n8n.workflow.success","message":"n8n.workflow.success","payload":{"executionId":"9","success":true,"isManual":false,"workflowId":"GbsJnZvvEgEQ8UZm","workflowName":"My workflow"}}
{"__type":"$$EventMessageConfirm","confirm":"292d9c80-7d39-43da-8d62-5fd33acf5f18","ts":"2025-07-06T00:02:26.697-04:00","source":{"id":"0","name":"eventBus"}}
{"__type":"$$EventMessageWorkflow","id":"239e6c09-93db-464a-b3e7-508d38652f5a","ts":"2025-07-06T00:02:26.707-04:00","eventName":"n8n.workflow.started","message":"n8n.workflow.started","payload":{"executionId":"11","workflowId":"GbsJnZvvEgEQ8UZm","isManual":false,"workflowName":"My workflow"}}
{"__type":"$$EventMessageConfirm","confirm":"239e6c09-93db-464a-b3e7-508d38652f5a","ts":"2025-07-06T00:02:26.707-04:00","source":{"id":"0","name":"eventBus"}}
{"__type":"$$EventMessageNode","id":"9b0d93e5-7ba8-4a4f-8540-f22de6c3f97f","ts":"2025-07-06T00:02:26.707-04:00","eventName":"n8n.node.started","message":"n8n.node.started","payload":{"workflowId":"GbsJnZvvEgEQ8UZm","workflowName":"My workflow","executionId":"11","nodeType":"n8n-nodes-base.telegramTrigger","nodeName":"Telegram Trigger","nodeId":"a68e013c-a327-4afb-899f-4f38dd915b8d"}}
{"__type":"$$EventMessageConfirm","confirm":"9b0d93e5-7ba8-4a4f-8540-f22de6c3f97f","ts":"2025-07-06T00:02:26.707-04:00","source":{"id":"0","name":"eventBus"}}
{"__type":"$$EventMessageNode","id":"b21d90ce-ca7c-4c05-b685-52de25d0ce01","ts":"2025-07-06T00:02:26.707-04:00","eventName":"n8n.node.finished","message":"n8n.node.finished","payload":{"workflowId":"GbsJnZvvEgEQ8UZm","workflowName":"My workflow","executionId":"11","nodeType":"n8n-nodes-base.telegramTrigger","nodeName":"Telegram Trigger","nodeId":"a68e013c-a327-4afb-899f-4f38dd915b8d"}}
{"__type":"$$EventMessageConfirm","confirm":"b21d90ce-ca7c-4c05-b685-52de25d0ce01","ts":"2025-07-06T00:02:26.707-04:00","source":{"id":"0","name":"eventBus"}}
{"__type":"$$EventMessageNode","id":"f3a83065-a191-4dca-9174-d0f2c50212b9","ts":"2025-07-06T00:02:26.707-04:00","eventName":"n8n.node.started","message":"n8n.node.started","payload":{"workflowId":"GbsJnZvvEgEQ8UZm","workflowName":"My workflow","executionId":"11","nodeType":"n8n-nodes-base.telegram","nodeName":"Send a text message","nodeId":"a17e4dbf-ce0b-4ad8-980a-523429411d37"}}
{"__type":"$$EventMessageConfirm","confirm":"f3a83065-a191-4dca-9174-d0f2c50212b9","ts":"2025-07-06T00:02:26.708-04:00","source":{"id":"0","name":"eventBus"}}
{"__type":"$$EventMessageNode","id":"92007649-c6e2-4796-9730-87f23602154e","ts":"2025-07-06T00:02:27.069-04:00","eventName":"n8n.node.finished","message":"n8n.node.finished","payload":{"workflowId":"GbsJnZvvEgEQ8UZm","workflowName":"My workflow","executionId":"10","nodeType":"n8n-nodes-base.telegram","nodeName":"Send a text message","nodeId":"a17e4dbf-ce0b-4ad8-980a-523429411d37"}}
{"__type":"$$EventMessageConfirm","confirm":"92007649-c6e2-4796-9730-87f23602154e","ts":"2025-07-06T00:02:27.069-04:00","source":{"id":"0","name":"eventBus"}}
{"__type":"$$EventMessageWorkflow","id":"b694a700-40e4-46a3-a4c3-94be9aae3364","ts":"2025-07-06T00:02:27.070-04:00","eventName":"n8n.workflow.success","message":"n8n.workflow.success","payload":{"executionId":"10","success":true,"isManual":false,"workflowId":"GbsJnZvvEgEQ8UZm","workflowName":"My workflow"}}
{"__type":"$$EventMessageConfirm","confirm":"b694a700-40e4-46a3-a4c3-94be9aae3364","ts":"2025-07-06T00:02:27.070-04:00","source":{"id":"0","name":"eventBus"}}
{"__type":"$$EventMessageNode","id":"1f0983e8-198f-45a3-8816-b58958f58b14","ts":"2025-07-06T00:02:27.447-04:00","eventName":"n8n.node.finished","message":"n8n.node.finished","payload":{"workflowId":"GbsJnZvvEgEQ8UZm","workflowName":"My workflow","executionId":"11","nodeType":"n8n-nodes-base.telegram","nodeName":"Send a text message","nodeId":"a17e4dbf-ce0b-4ad8-980a-523429411d37"}}
{"__type":"$$EventMessageConfirm","confirm":"1f0983e8-198f-45a3-8816-b58958f58b14","ts":"2025-07-06T00:02:27.447-04:00","source":{"id":"0","name":"eventBus"}}
{"__type":"$$EventMessageWorkflow","id":"04b1613e-403c-4b71-b64f-4d69494178c8","ts":"2025-07-06T00:02:27.447-04:00","eventName":"n8n.workflow.success","message":"n8n.workflow.success","payload":{"executionId":"11","success":true,"isManual":false,"workflowId":"GbsJnZvvEgEQ8UZm","workflowName":"My workflow"}}
{"__type":"$$EventMessageConfirm","confirm":"04b1613e-403c-4b71-b64f-4d69494178c8","ts":"2025-07-06T00:02:27.447-04:00","source":{"id":"0","name":"eventBus"}}
{"__type":"$$EventMessageWorkflow","id":"e57ae15c-3f7a-4bf7-9f98-44120d5c1a22","ts":"2025-07-06T00:02:27.694-04:00","eventName":"n8n.workflow.started","message":"n8n.workflow.started","payload":{"executionId":"12","workflowId":"GbsJnZvvEgEQ8UZm","isManual":false,"workflowName":"My workflow"}}
{"__type":"$$EventMessageConfirm","confirm":"e57ae15c-3f7a-4bf7-9f98-44120d5c1a22","ts":"2025-07-06T00:02:27.694-04:00","source":{"id":"0","name":"eventBus"}}
{"__type":"$$EventMessageNode","id":"5120f0a3-e668-4979-8981-b7c097bb730a","ts":"2025-07-06T00:02:27.694-04:00","eventName":"n8n.node.started","message":"n8n.node.started","payload":{"workflowId":"GbsJnZvvEgEQ8UZm","workflowName":"My workflow","executionId":"12","nodeType":"n8n-nodes-base.telegramTrigger","nodeName":"Telegram Trigger","nodeId":"a68e013c-a327-4afb-899f-4f38dd915b8d"}}
{"__type":"$$EventMessageConfirm","confirm":"5120f0a3-e668-4979-8981-b7c097bb730a","ts":"2025-07-06T00:02:27.694-04:00","source":{"id":"0","name":"eventBus"}}
{"__type":"$$EventMessageNode","id":"fbc4aafa-4cd4-446f-8632-2a7ad78abc0d","ts":"2025-07-06T00:02:27.695-04:00","eventName":"n8n.node.finished","message":"n8n.node.finished","payload":{"workflowId":"GbsJnZvvEgEQ8UZm","workflowName":"My workflow","executionId":"12","nodeType":"n8n-nodes-base.telegramTrigger","nodeName":"Telegram Trigger","nodeId":"a68e013c-a327-4afb-899f-4f38dd915b8d"}}
{"__type":"$$EventMessageConfirm","confirm":"fbc4aafa-4cd4-446f-8632-2a7ad78abc0d","ts":"2025-07-06T00:02:27.695-04:00","source":{"id":"0","name":"eventBus"}}
{"__type":"$$EventMessageNode","id":"a8420e62-5316-4d96-82d0-f16afeec953d","ts":"2025-07-06T00:02:27.695-04:00","eventName":"n8n.node.started","message":"n8n.node.started","payload":{"workflowId":"GbsJnZvvEgEQ8UZm","workflowName":"My workflow","executionId":"12","nodeType":"n8n-nodes-base.telegram","nodeName":"Send a text message","nodeId":"a17e4dbf-ce0b-4ad8-980a-523429411d37"}}
{"__type":"$$EventMessageConfirm","confirm":"a8420e62-5316-4d96-82d0-f16afeec953d","ts":"2025-07-06T00:02:27.695-04:00","source":{"id":"0","name":"eventBus"}}
{"__type":"$$EventMessageNode","id":"cb675785-7914-478a-b552-b676367b1ef6","ts":"2025-07-06T00:02:28.428-04:00","eventName":"n8n.node.finished","message":"n8n.node.finished","payload":{"workflowId":"GbsJnZvvEgEQ8UZm","workflowName":"My workflow","executionId":"12","nodeType":"n8n-nodes-base.telegram","nodeName":"Send a text message","nodeId":"a17e4dbf-ce0b-4ad8-980a-523429411d37"}}
{"__type":"$$EventMessageConfirm","confirm":"cb675785-7914-478a-b552-b676367b1ef6","ts":"2025-07-06T00:02:28.428-04:00","source":{"id":"0","name":"eventBus"}}
{"__type":"$$EventMessageWorkflow","id":"8b5fc653-b6c8-48af-8cf2-f91dc53f2491","ts":"2025-07-06T00:02:28.429-04:00","eventName":"n8n.workflow.success","message":"n8n.workflow.success","payload":{"executionId":"12","success":true,"isManual":false,"workflowId":"GbsJnZvvEgEQ8UZm","workflowName":"My workflow"}}
{"__type":"$$EventMessageConfirm","confirm":"8b5fc653-b6c8-48af-8cf2-f91dc53f2491","ts":"2025-07-06T00:02:28.429-04:00","source":{"id":"0","name":"eventBus"}}
{"__type":"$$EventMessageWorkflow","id":"c9632b9e-21b0-4def-a318-e2ee4caa8b07","ts":"2025-07-06T00:02:29.243-04:00","eventName":"n8n.workflow.started","message":"n8n.workflow.started","payload":{"executionId":"13","workflowId":"GbsJnZvvEgEQ8UZm","isManual":false,"workflowName":"My workflow"}}
{"__type":"$$EventMessageConfirm","confirm":"c9632b9e-21b0-4def-a318-e2ee4caa8b07","ts":"2025-07-06T00:02:29.243-04:00","source":{"id":"0","name":"eventBus"}}
{"__type":"$$EventMessageNode","id":"8164e625-9e9b-4882-a91b-c57d8999dea1","ts":"2025-07-06T00:02:29.243-04:00","eventName":"n8n.node.started","message":"n8n.node.started","payload":{"workflowId":"GbsJnZvvEgEQ8UZm","workflowName":"My workflow","executionId":"13","nodeType":"n8n-nodes-base.telegramTrigger","nodeName":"Telegram Trigger","nodeId":"a68e013c-a327-4afb-899f-4f38dd915b8d"}}
{"__type":"$$EventMessageConfirm","confirm":"8164e625-9e9b-4882-a91b-c57d8999dea1","ts":"2025-07-06T00:02:29.243-04:00","source":{"id":"0","name":"eventBus"}}
{"__type":"$$EventMessageNode","id":"ee2891a0-3588-445e-94ac-163e4056ceb9","ts":"2025-07-06T00:02:29.243-04:00","eventName":"n8n.node.finished","message":"n8n.node.finished","payload":{"workflowId":"GbsJnZvvEgEQ8UZm","workflowName":"My workflow","executionId":"13","nodeType":"n8n-nodes-base.telegramTrigger","nodeName":"Telegram Trigger","nodeId":"a68e013c-a327-4afb-899f-4f38dd915b8d"}}
{"__type":"$$EventMessageConfirm","confirm":"ee2891a0-3588-445e-94ac-163e4056ceb9","ts":"2025-07-06T00:02:29.243-04:00","source":{"id":"0","name":"eventBus"}}
{"__type":"$$EventMessageNode","id":"72fb1187-7372-4906-b567-0c7759958b56","ts":"2025-07-06T00:02:29.243-04:00","eventName":"n8n.node.started","message":"n8n.node.started","payload":{"workflowId":"GbsJnZvvEgEQ8UZm","workflowName":"My workflow","executionId":"13","nodeType":"n8n-nodes-base.telegram","nodeName":"Send a text message","nodeId":"a17e4dbf-ce0b-4ad8-980a-523429411d37"}}
{"__type":"$$EventMessageConfirm","confirm":"72fb1187-7372-4906-b567-0c7759958b56","ts":"2025-07-06T00:02:29.243-04:00","source":{"id":"0","name":"eventBus"}}
{"__type":"$$EventMessageNode","id":"97600287-84b0-4fc9-9b2a-bb903ef2f2fa","ts":"2025-07-06T00:02:29.970-04:00","eventName":"n8n.node.finished","message":"n8n.node.finished","payload":{"workflowId":"GbsJnZvvEgEQ8UZm","workflowName":"My workflow","executionId":"13","nodeType":"n8n-nodes-base.telegram","nodeName":"Send a text message","nodeId":"a17e4dbf-ce0b-4ad8-980a-523429411d37"}}
{"__type":"$$EventMessageConfirm","confirm":"97600287-84b0-4fc9-9b2a-bb903ef2f2fa","ts":"2025-07-06T00:02:29.970-04:00","source":{"id":"0","name":"eventBus"}}
{"__type":"$$EventMessageWorkflow","id":"c474914e-ff86-48d6-91ee-0bd6ff35c2e7","ts":"2025-07-06T00:02:29.970-04:00","eventName":"n8n.workflow.success","message":"n8n.workflow.success","payload":{"executionId":"13","success":true,"isManual":false,"workflowId":"GbsJnZvvEgEQ8UZm","workflowName":"My workflow"}}
{"__type":"$$EventMessageConfirm","confirm":"c474914e-ff86-48d6-91ee-0bd6ff35c2e7","ts":"2025-07-06T00:02:29.970-04:00","source":{"id":"0","name":"eventBus"}}
{"__type":"$$EventMessageWorkflow","id":"99c61242-d84e-4250-9c5d-d76719e4081d","ts":"2025-07-06T00:02:34.636-04:00","eventName":"n8n.workflow.started","message":"n8n.workflow.started","payload":{"executionId":"14","workflowId":"GbsJnZvvEgEQ8UZm","isManual":false,"workflowName":"My workflow"}}
{"__type":"$$EventMessageConfirm","confirm":"99c61242-d84e-4250-9c5d-d76719e4081d","ts":"2025-07-06T00:02:34.636-04:00","source":{"id":"0","name":"eventBus"}}
{"__type":"$$EventMessageNode","id":"108db86b-c678-460d-97e7-0bee19d1bb2c","ts":"2025-07-06T00:02:34.636-04:00","eventName":"n8n.node.started","message":"n8n.node.started","payload":{"workflowId":"GbsJnZvvEgEQ8UZm","workflowName":"My workflow","executionId":"14","nodeType":"n8n-nodes-base.telegramTrigger","nodeName":"Telegram Trigger","nodeId":"a68e013c-a327-4afb-899f-4f38dd915b8d"}}
{"__type":"$$EventMessageConfirm","confirm":"108db86b-c678-460d-97e7-0bee19d1bb2c","ts":"2025-07-06T00:02:34.636-04:00","source":{"id":"0","name":"eventBus"}}
{"__type":"$$EventMessageNode","id":"bac90b10-97df-468c-8a42-e3996ac053d3","ts":"2025-07-06T00:02:34.636-04:00","eventName":"n8n.node.finished","message":"n8n.node.finished","payload":{"workflowId":"GbsJnZvvEgEQ8UZm","workflowName":"My workflow","executionId":"14","nodeType":"n8n-nodes-base.telegramTrigger","nodeName":"Telegram Trigger","nodeId":"a68e013c-a327-4afb-899f-4f38dd915b8d"}}
{"__type":"$$EventMessageConfirm","confirm":"bac90b10-97df-468c-8a42-e3996ac053d3","ts":"2025-07-06T00:02:34.636-04:00","source":{"id":"0","name":"eventBus"}}
{"__type":"$$EventMessageNode","id":"fc5d9e98-04dd-45a3-b33f-738f49734a29","ts":"2025-07-06T00:02:34.636-04:00","eventName":"n8n.node.started","message":"n8n.node.started","payload":{"workflowId":"GbsJnZvvEgEQ8UZm","workflowName":"My workflow","executionId":"14","nodeType":"n8n-nodes-base.telegram","nodeName":"Send a text message","nodeId":"a17e4dbf-ce0b-4ad8-980a-523429411d37"}}
{"__type":"$$EventMessageConfirm","confirm":"fc5d9e98-04dd-45a3-b33f-738f49734a29","ts":"2025-07-06T00:02:34.636-04:00","source":{"id":"0","name":"eventBus"}}
{"__type":"$$EventMessageNode","id":"061dc8f7-4eda-4d0c-b98e-ab4c29311472","ts":"2025-07-06T00:02:35.365-04:00","eventName":"n8n.node.finished","message":"n8n.node.finished","payload":{"workflowId":"GbsJnZvvEgEQ8UZm","workflowName":"My workflow","executionId":"14","nodeType":"n8n-nodes-base.telegram","nodeName":"Send a text message","nodeId":"a17e4dbf-ce0b-4ad8-980a-523429411d37"}}
{"__type":"$$EventMessageConfirm","confirm":"061dc8f7-4eda-4d0c-b98e-ab4c29311472","ts":"2025-07-06T00:02:35.365-04:00","source":{"id":"0","name":"eventBus"}}
{"__type":"$$EventMessageWorkflow","id":"0e42fcd4-bf36-46f8-841a-e4c246170976","ts":"2025-07-06T00:02:35.366-04:00","eventName":"n8n.workflow.success","message":"n8n.workflow.success","payload":{"executionId":"14","success":true,"isManual":false,"workflowId":"GbsJnZvvEgEQ8UZm","workflowName":"My workflow"}}
{"__type":"$$EventMessageConfirm","confirm":"0e42fcd4-bf36-46f8-841a-e4c246170976","ts":"2025-07-06T00:02:35.366-04:00","source":{"id":"0","name":"eventBus"}}
{"__type":"$$EventMessageWorkflow","id":"cd1bbd56-841b-46de-9702-778bdeacc775","ts":"2025-07-06T00:02:36.791-04:00","eventName":"n8n.workflow.started","message":"n8n.workflow.started","payload":{"executionId":"15","workflowId":"GbsJnZvvEgEQ8UZm","isManual":false,"workflowName":"My workflow"}}
{"__type":"$$EventMessageConfirm","confirm":"cd1bbd56-841b-46de-9702-778bdeacc775","ts":"2025-07-06T00:02:36.791-04:00","source":{"id":"0","name":"eventBus"}}
{"__type":"$$EventMessageNode","id":"2bd4969f-14af-4f1f-bd5a-14c9651306e7","ts":"2025-07-06T00:02:36.791-04:00","eventName":"n8n.node.started","message":"n8n.node.started","payload":{"workflowId":"GbsJnZvvEgEQ8UZm","workflowName":"My workflow","executionId":"15","nodeType":"n8n-nodes-base.telegramTrigger","nodeName":"Telegram Trigger","nodeId":"a68e013c-a327-4afb-899f-4f38dd915b8d"}}
{"__type":"$$EventMessageConfirm","confirm":"2bd4969f-14af-4f1f-bd5a-14c9651306e7","ts":"2025-07-06T00:02:36.791-04:00","source":{"id":"0","name":"eventBus"}}
{"__type":"$$EventMessageNode","id":"e49d96b4-c79b-44c7-a3ab-a17c74b666f4","ts":"2025-07-06T00:02:36.792-04:00","eventName":"n8n.node.finished","message":"n8n.node.finished","payload":{"workflowId":"GbsJnZvvEgEQ8UZm","workflowName":"My workflow","executionId":"15","nodeType":"n8n-nodes-base.telegramTrigger","nodeName":"Telegram Trigger","nodeId":"a68e013c-a327-4afb-899f-4f38dd915b8d"}}
{"__type":"$$EventMessageConfirm","confirm":"e49d96b4-c79b-44c7-a3ab-a17c74b666f4","ts":"2025-07-06T00:02:36.792-04:00","source":{"id":"0","name":"eventBus"}}
{"__type":"$$EventMessageNode","id":"6399ca5f-f5b6-433e-a05c-2ff882b60845","ts":"2025-07-06T00:02:36.792-04:00","eventName":"n8n.node.started","message":"n8n.node.started","payload":{"workflowId":"GbsJnZvvEgEQ8UZm","workflowName":"My workflow","executionId":"15","nodeType":"n8n-nodes-base.telegram","nodeName":"Send a text message","nodeId":"a17e4dbf-ce0b-4ad8-980a-523429411d37"}}
{"__type":"$$EventMessageConfirm","confirm":"6399ca5f-f5b6-433e-a05c-2ff882b60845","ts":"2025-07-06T00:02:36.792-04:00","source":{"id":"0","name":"eventBus"}}
{"__type":"$$EventMessageNode","id":"6366aa35-05c5-467c-9a41-f81f501011f8","ts":"2025-07-06T00:02:37.499-04:00","eventName":"n8n.node.finished","message":"n8n.node.finished","payload":{"workflowId":"GbsJnZvvEgEQ8UZm","workflowName":"My workflow","executionId":"15","nodeType":"n8n-nodes-base.telegram","nodeName":"Send a text message","nodeId":"a17e4dbf-ce0b-4ad8-980a-523429411d37"}}
{"__type":"$$EventMessageConfirm","confirm":"6366aa35-05c5-467c-9a41-f81f501011f8","ts":"2025-07-06T00:02:37.499-04:00","source":{"id":"0","name":"eventBus"}}
{"__type":"$$EventMessageWorkflow","id":"1557e4fa-817e-4d13-86b2-54e2da713a0e","ts":"2025-07-06T00:02:37.500-04:00","eventName":"n8n.workflow.success","message":"n8n.workflow.success","payload":{"executionId":"15","success":true,"isManual":false,"workflowId":"GbsJnZvvEgEQ8UZm","workflowName":"My workflow"}}
{"__type":"$$EventMessageConfirm","confirm":"1557e4fa-817e-4d13-86b2-54e2da713a0e","ts":"2025-07-06T00:02:37.500-04:00","source":{"id":"0","name":"eventBus"}}
{"__type":"$$EventMessageWorkflow","id":"0a56d32a-305c-4cac-aa65-6d673e412b0f","ts":"2025-07-06T00:02:38.353-04:00","eventName":"n8n.workflow.started","message":"n8n.workflow.started","payload":{"executionId":"16","workflowId":"GbsJnZvvEgEQ8UZm","isManual":false,"workflowName":"My workflow"}}
{"__type":"$$EventMessageConfirm","confirm":"0a56d32a-305c-4cac-aa65-6d673e412b0f","ts":"2025-07-06T00:02:38.354-04:00","source":{"id":"0","name":"eventBus"}}
{"__type":"$$EventMessageNode","id":"4a69e2a7-bbf6-4c62-aff0-36b90e2775aa","ts":"2025-07-06T00:02:38.354-04:00","eventName":"n8n.node.started","message":"n8n.node.started","payload":{"workflowId":"GbsJnZvvEgEQ8UZm","workflowName":"My workflow","executionId":"16","nodeType":"n8n-nodes-base.telegramTrigger","nodeName":"Telegram Trigger","nodeId":"a68e013c-a327-4afb-899f-4f38dd915b8d"}}
{"__type":"$$EventMessageConfirm","confirm":"4a69e2a7-bbf6-4c62-aff0-36b90e2775aa","ts":"2025-07-06T00:02:38.354-04:00","source":{"id":"0","name":"eventBus"}}
{"__type":"$$EventMessageNode","id":"c8ea02e9-5cdd-4772-9b34-8fe33461734e","ts":"2025-07-06T00:02:38.354-04:00","eventName":"n8n.node.finished","message":"n8n.node.finished","payload":{"workflowId":"GbsJnZvvEgEQ8UZm","workflowName":"My workflow","executionId":"16","nodeType":"n8n-nodes-base.telegramTrigger","nodeName":"Telegram Trigger","nodeId":"a68e013c-a327-4afb-899f-4f38dd915b8d"}}
{"__type":"$$EventMessageConfirm","confirm":"c8ea02e9-5cdd-4772-9b34-8fe33461734e","ts":"2025-07-06T00:02:38.354-04:00","source":{"id":"0","name":"eventBus"}}
{"__type":"$$EventMessageNode","id":"0c5c26e8-4f3e-4509-96b8-8335ba3a9d48","ts":"2025-07-06T00:02:38.354-04:00","eventName":"n8n.node.started","message":"n8n.node.started","payload":{"workflowId":"GbsJnZvvEgEQ8UZm","workflowName":"My workflow","executionId":"16","nodeType":"n8n-nodes-base.telegram","nodeName":"Send a text message","nodeId":"a17e4dbf-ce0b-4ad8-980a-523429411d37"}}
{"__type":"$$EventMessageConfirm","confirm":"0c5c26e8-4f3e-4509-96b8-8335ba3a9d48","ts":"2025-07-06T00:02:38.354-04:00","source":{"id":"0","name":"eventBus"}}
{"__type":"$$EventMessageNode","id":"6db0084f-de11-4d15-bd64-9842dd77b7cb","ts":"2025-07-06T00:02:39.093-04:00","eventName":"n8n.node.finished","message":"n8n.node.finished","payload":{"workflowId":"GbsJnZvvEgEQ8UZm","workflowName":"My workflow","executionId":"16","nodeType":"n8n-nodes-base.telegram","nodeName":"Send a text message","nodeId":"a17e4dbf-ce0b-4ad8-980a-523429411d37"}}
{"__type":"$$EventMessageConfirm","confirm":"6db0084f-de11-4d15-bd64-9842dd77b7cb","ts":"2025-07-06T00:02:39.093-04:00","source":{"id":"0","name":"eventBus"}}
{"__type":"$$EventMessageWorkflow","id":"784d1b6b-2bc4-4728-978b-2e88f6b7627f","ts":"2025-07-06T00:02:39.094-04:00","eventName":"n8n.workflow.success","message":"n8n.workflow.success","payload":{"executionId":"16","success":true,"isManual":false,"workflowId":"GbsJnZvvEgEQ8UZm","workflowName":"My workflow"}}
{"__type":"$$EventMessageConfirm","confirm":"784d1b6b-2bc4-4728-978b-2e88f6b7627f","ts":"2025-07-06T00:02:39.094-04:00","source":{"id":"0","name":"eventBus"}}
{"__type":"$$EventMessageWorkflow","id":"20f1e9d4-59f1-467a-a4b8-3aaa3d771924","ts":"2025-07-06T00:02:39.769-04:00","eventName":"n8n.workflow.started","message":"n8n.workflow.started","payload":{"executionId":"17","workflowId":"GbsJnZvvEgEQ8UZm","isManual":false,"workflowName":"My workflow"}}
{"__type":"$$EventMessageConfirm","confirm":"20f1e9d4-59f1-467a-a4b8-3aaa3d771924","ts":"2025-07-06T00:02:39.770-04:00","source":{"id":"0","name":"eventBus"}}
{"__type":"$$EventMessageNode","id":"424a6019-2beb-467d-a80f-1e3adf5d0dcd","ts":"2025-07-06T00:02:39.770-04:00","eventName":"n8n.node.started","message":"n8n.node.started","payload":{"workflowId":"GbsJnZvvEgEQ8UZm","workflowName":"My workflow","executionId":"17","nodeType":"n8n-nodes-base.telegramTrigger","nodeName":"Telegram Trigger","nodeId":"a68e013c-a327-4afb-899f-4f38dd915b8d"}}
{"__type":"$$EventMessageConfirm","confirm":"424a6019-2beb-467d-a80f-1e3adf5d0dcd","ts":"2025-07-06T00:02:39.770-04:00","source":{"id":"0","name":"eventBus"}}
{"__type":"$$EventMessageNode","id":"ab3688cf-b761-422d-840f-19a5deaa37cc","ts":"2025-07-06T00:02:39.770-04:00","eventName":"n8n.node.finished","message":"n8n.node.finished","payload":{"workflowId":"GbsJnZvvEgEQ8UZm","workflowName":"My workflow","executionId":"17","nodeType":"n8n-nodes-base.telegramTrigger","nodeName":"Telegram Trigger","nodeId":"a68e013c-a327-4afb-899f-4f38dd915b8d"}}
{"__type":"$$EventMessageConfirm","confirm":"ab3688cf-b761-422d-840f-19a5deaa37cc","ts":"2025-07-06T00:02:39.770-04:00","source":{"id":"0","name":"eventBus"}}
{"__type":"$$EventMessageNode","id":"8b9d7d46-9963-487b-b4fc-d518c1b4aa77","ts":"2025-07-06T00:02:39.770-04:00","eventName":"n8n.node.started","message":"n8n.node.started","payload":{"workflowId":"GbsJnZvvEgEQ8UZm","workflowName":"My workflow","executionId":"17","nodeType":"n8n-nodes-base.telegram","nodeName":"Send a text message","nodeId":"a17e4dbf-ce0b-4ad8-980a-523429411d37"}}
{"__type":"$$EventMessageConfirm","confirm":"8b9d7d46-9963-487b-b4fc-d518c1b4aa77","ts":"2025-07-06T00:02:39.770-04:00","source":{"id":"0","name":"eventBus"}}
{"__type":"$$EventMessageNode","id":"59193ae7-3a79-4880-9e01-ff090a340e66","ts":"2025-07-06T00:02:40.500-04:00","eventName":"n8n.node.finished","message":"n8n.node.finished","payload":{"workflowId":"GbsJnZvvEgEQ8UZm","workflowName":"My workflow","executionId":"17","nodeType":"n8n-nodes-base.telegram","nodeName":"Send a text message","nodeId":"a17e4dbf-ce0b-4ad8-980a-523429411d37"}}
{"__type":"$$EventMessageConfirm","confirm":"59193ae7-3a79-4880-9e01-ff090a340e66","ts":"2025-07-06T00:02:40.500-04:00","source":{"id":"0","name":"eventBus"}}
{"__type":"$$EventMessageWorkflow","id":"de9ff82f-738e-4032-a001-582000884b7c","ts":"2025-07-06T00:02:40.500-04:00","eventName":"n8n.workflow.success","message":"n8n.workflow.success","payload":{"executionId":"17","success":true,"isManual":false,"workflowId":"GbsJnZvvEgEQ8UZm","workflowName":"My workflow"}}
{"__type":"$$EventMessageConfirm","confirm":"de9ff82f-738e-4032-a001-582000884b7c","ts":"2025-07-06T00:02:40.500-04:00","source":{"id":"0","name":"eventBus"}}
{"__type":"$$EventMessageAudit","id":"720f17f6-7997-48af-a3da-ba35efed8004","ts":"2025-07-06T00:02:54.941-04:00","eventName":"n8n.audit.user.api.created","message":"n8n.audit.user.api.created","payload":{"userId":"635f5cf5-2806-497b-b998-69f84b23bbe0","_email":"johnmungandistartups@gmail.com","_firstName":"John","_lastName":"Mungandi","globalRole":"global:owner"}}
{"__type":"$$EventMessageConfirm","confirm":"720f17f6-7997-48af-a3da-ba35efed8004","ts":"2025-07-06T00:02:54.941-04:00","source":{"id":"0","name":"eventBus"}}
{"__type":"$$EventMessageAudit","id":"042fcd3d-858b-4425-8920-33f925024d06","ts":"2025-07-06T00:05:33.899-04:00","eventName":"n8n.audit.workflow.created","message":"n8n.audit.workflow.created","payload":{"userId":"635f5cf5-2806-497b-b998-69f84b23bbe0","_email":"johnmungandistartups@gmail.com","_firstName":"John","_lastName":"Mungandi","globalRole":"global:owner","workflowId":"YuAlpU2MvXHfTH0l","workflowName":"Chat-1.0"}}
{"__type":"$$EventMessageConfirm","confirm":"042fcd3d-858b-4425-8920-33f925024d06","ts":"2025-07-06T00:05:33.899-04:00","source":{"id":"0","name":"eventBus"}}
{"__type":"$$EventMessageAudit","id":"c2eaa1da-0201-4a6d-9a99-8d973e5b02f3","ts":"2025-07-06T00:05:47.311-04:00","eventName":"n8n.audit.workflow.updated","message":"n8n.audit.workflow.updated","payload":{"userId":"635f5cf5-2806-497b-b998-69f84b23bbe0","_email":"johnmungandistartups@gmail.com","_firstName":"John","_lastName":"Mungandi","globalRole":"global:owner","workflowId":"YuAlpU2MvXHfTH0l","workflowName":"Chat-1.0"}}
{"__type":"$$EventMessageConfirm","confirm":"c2eaa1da-0201-4a6d-9a99-8d973e5b02f3","ts":"2025-07-06T00:05:47.311-04:00","source":{"id":"0","name":"eventBus"}}
{"__type":"$$EventMessageAudit","id":"4134e82b-a473-4c06-ba3d-e1a4c1072643","ts":"2025-07-06T00:06:37.288-04:00","eventName":"n8n.audit.user.credentials.created","message":"n8n.audit.user.credentials.created","payload":{"userId":"635f5cf5-2806-497b-b998-69f84b23bbe0","_email":"johnmungandistartups@gmail.com","_firstName":"John","_lastName":"Mungandi","globalRole":"global:owner","credentialType":"telegramApi","credentialId":"BTEynOdhIYWscHhZ","publicApi":false,"projectId":"iVZwSCRHViuLnA3y","projectType":"personal"}}
{"__type":"$$EventMessageConfirm","confirm":"4134e82b-a473-4c06-ba3d-e1a4c1072643","ts":"2025-07-06T00:06:37.288-04:00","source":{"id":"0","name":"eventBus"}}
{"__type":"$$EventMessageAudit","id":"1f760e85-d8ce-4bb1-8fec-1fff75d2e88b","ts":"2025-07-06T00:07:02.913-04:00","eventName":"n8n.audit.user.credentials.created","message":"n8n.audit.user.credentials.created","payload":{"userId":"635f5cf5-2806-497b-b998-69f84b23bbe0","_email":"johnmungandistartups@gmail.com","_firstName":"John","_lastName":"Mungandi","globalRole":"global:owner","credentialType":"googlePalmApi","credentialId":"nfrupeAbP9n10f0B","publicApi":false,"projectId":"iVZwSCRHViuLnA3y","projectType":"personal"}}
{"__type":"$$EventMessageConfirm","confirm":"1f760e85-d8ce-4bb1-8fec-1fff75d2e88b","ts":"2025-07-06T00:07:02.913-04:00","source":{"id":"0","name":"eventBus"}}
{"__type":"$$EventMessageAudit","id":"61e056f6-bdec-4ff8-a55d-5b3d73c433b4","ts":"2025-07-06T00:07:20.830-04:00","eventName":"n8n.audit.workflow.updated","message":"n8n.audit.workflow.updated","payload":{"userId":"635f5cf5-2806-497b-b998-69f84b23bbe0","_email":"johnmungandistartups@gmail.com","_firstName":"John","_lastName":"Mungandi","globalRole":"global:owner","workflowId":"YuAlpU2MvXHfTH0l","workflowName":"Chat-1.0"}}
{"__type":"$$EventMessageConfirm","confirm":"61e056f6-bdec-4ff8-a55d-5b3d73c433b4","ts":"2025-07-06T00:07:20.831-04:00","source":{"id":"0","name":"eventBus"}}
{"__type":"$$EventMessageAudit","id":"8f9ad5e6-33ab-4375-a684-f8210cae4b6f","ts":"2025-07-06T00:08:08.468-04:00","eventName":"n8n.audit.workflow.updated","message":"n8n.audit.workflow.updated","payload":{"userId":"635f5cf5-2806-497b-b998-69f84b23bbe0","_email":"johnmungandistartups@gmail.com","_firstName":"John","_lastName":"Mungandi","globalRole":"global:owner","workflowId":"GbsJnZvvEgEQ8UZm","workflowName":"My workflow"}}
{"__type":"$$EventMessageConfirm","confirm":"8f9ad5e6-33ab-4375-a684-f8210cae4b6f","ts":"2025-07-06T00:08:08.469-04:00","source":{"id":"0","name":"eventBus"}}
{"__type":"$$EventMessageAudit","id":"6f01dd72-ac54-40f9-82bb-272c14bb2bfd","ts":"2025-07-06T00:08:11.483-04:00","eventName":"n8n.audit.workflow.archived","message":"n8n.audit.workflow.archived","payload":{"userId":"635f5cf5-2806-497b-b998-69f84b23bbe0","_email":"johnmungandistartups@gmail.com","_firstName":"John","_lastName":"Mungandi","globalRole":"global:owner","workflowId":"GbsJnZvvEgEQ8UZm"}}
{"__type":"$$EventMessageConfirm","confirm":"6f01dd72-ac54-40f9-82bb-272c14bb2bfd","ts":"2025-07-06T00:08:11.483-04:00","source":{"id":"0","name":"eventBus"}}
